

Started GET "/" for 127.0.0.1 at 2014-12-20 20:49:31 +0530
Processing by Rails::WelcomeController#index as HTML
Completed 500 Internal Server Error in 99ms

ActionView::MissingTemplate (Missing template rails/welcome/index, rails/application/index with {:locale=>[:en], :formats=>[:html], :variants=>[], :handlers=>[:erb, :builder, :raw, :ruby, :coffee, :jbuilder]}. Searched in:
  * "/home/hema/.rvm/gems/ruby-2.1.0/gems/railties-4.1.6/lib/rails/templates"
):
  actionview (4.1.6) lib/action_view/path_set.rb:46:in `find'
  actionview (4.1.6) lib/action_view/lookup_context.rb:124:in `find'
  actionview (4.1.6) lib/action_view/renderer/abstract_renderer.rb:18:in `find_template'
  actionview (4.1.6) lib/action_view/renderer/template_renderer.rb:41:in `determine_template'
  actionview (4.1.6) lib/action_view/renderer/template_renderer.rb:8:in `render'
  actionview (4.1.6) lib/action_view/renderer/renderer.rb:42:in `render_template'
  actionview (4.1.6) lib/action_view/renderer/renderer.rb:23:in `render'
  actionview (4.1.6) lib/action_view/rendering.rb:99:in `_render_template'
  actionpack (4.1.6) lib/action_controller/metal/streaming.rb:217:in `_render_template'
  actionview (4.1.6) lib/action_view/rendering.rb:82:in `render_to_body'
  actionpack (4.1.6) lib/action_controller/metal/rendering.rb:32:in `render_to_body'
  actionpack (4.1.6) lib/action_controller/metal/renderers.rb:32:in `render_to_body'
  actionpack (4.1.6) lib/abstract_controller/rendering.rb:25:in `render'
  actionpack (4.1.6) lib/action_controller/metal/rendering.rb:16:in `render'
  actionpack (4.1.6) lib/action_controller/metal/instrumentation.rb:41:in `block (2 levels) in render'
  activesupport (4.1.6) lib/active_support/core_ext/benchmark.rb:12:in `block in ms'
  /home/hema/.rvm/rubies/ruby-2.1.0/lib/ruby/2.1.0/benchmark.rb:294:in `realtime'
  activesupport (4.1.6) lib/active_support/core_ext/benchmark.rb:12:in `ms'
  actionpack (4.1.6) lib/action_controller/metal/instrumentation.rb:41:in `block in render'
  actionpack (4.1.6) lib/action_controller/metal/instrumentation.rb:84:in `cleanup_view_runtime'
  activerecord (4.1.6) lib/active_record/railties/controller_runtime.rb:25:in `cleanup_view_runtime'
  actionpack (4.1.6) lib/action_controller/metal/instrumentation.rb:40:in `render'
  actionpack (4.1.6) lib/action_controller/metal/implicit_render.rb:10:in `default_render'
  actionpack (4.1.6) lib/action_controller/metal/implicit_render.rb:5:in `send_action'
  actionpack (4.1.6) lib/abstract_controller/base.rb:189:in `process_action'
  actionpack (4.1.6) lib/action_controller/metal/rendering.rb:10:in `process_action'
  actionpack (4.1.6) lib/abstract_controller/callbacks.rb:20:in `block in process_action'
  activesupport (4.1.6) lib/active_support/callbacks.rb:113:in `call'
  activesupport (4.1.6) lib/active_support/callbacks.rb:113:in `call'
  activesupport (4.1.6) lib/active_support/callbacks.rb:229:in `block in halting'
  activesupport (4.1.6) lib/active_support/callbacks.rb:166:in `call'
  activesupport (4.1.6) lib/active_support/callbacks.rb:166:in `block in halting'
  activesupport (4.1.6) lib/active_support/callbacks.rb:166:in `call'
  activesupport (4.1.6) lib/active_support/callbacks.rb:166:in `block in halting'
  activesupport (4.1.6) lib/active_support/callbacks.rb:86:in `call'
  activesupport (4.1.6) lib/active_support/callbacks.rb:86:in `run_callbacks'
  actionpack (4.1.6) lib/abstract_controller/callbacks.rb:19:in `process_action'
  actionpack (4.1.6) lib/action_controller/metal/rescue.rb:29:in `process_action'
  actionpack (4.1.6) lib/action_controller/metal/instrumentation.rb:31:in `block in process_action'
  activesupport (4.1.6) lib/active_support/notifications.rb:159:in `block in instrument'
  activesupport (4.1.6) lib/active_support/notifications/instrumenter.rb:20:in `instrument'
  activesupport (4.1.6) lib/active_support/notifications.rb:159:in `instrument'
  actionpack (4.1.6) lib/action_controller/metal/instrumentation.rb:30:in `process_action'
  actionpack (4.1.6) lib/action_controller/metal/params_wrapper.rb:250:in `process_action'
  activerecord (4.1.6) lib/active_record/railties/controller_runtime.rb:18:in `process_action'
  actionpack (4.1.6) lib/abstract_controller/base.rb:136:in `process'
  actionview (4.1.6) lib/action_view/rendering.rb:30:in `process'
  actionpack (4.1.6) lib/action_controller/metal.rb:196:in `dispatch'
  actionpack (4.1.6) lib/action_controller/metal/rack_delegation.rb:13:in `dispatch'
  actionpack (4.1.6) lib/action_controller/metal.rb:232:in `block in action'
  actionpack (4.1.6) lib/action_dispatch/routing/route_set.rb:82:in `call'
  actionpack (4.1.6) lib/action_dispatch/routing/route_set.rb:82:in `dispatch'
  actionpack (4.1.6) lib/action_dispatch/routing/route_set.rb:50:in `call'
  actionpack (4.1.6) lib/action_dispatch/journey/router.rb:73:in `block in call'
  actionpack (4.1.6) lib/action_dispatch/journey/router.rb:59:in `each'
  actionpack (4.1.6) lib/action_dispatch/journey/router.rb:59:in `call'
  actionpack (4.1.6) lib/action_dispatch/routing/route_set.rb:678:in `call'
  rack (1.5.2) lib/rack/etag.rb:23:in `call'
  rack (1.5.2) lib/rack/conditionalget.rb:25:in `call'
  rack (1.5.2) lib/rack/head.rb:11:in `call'
  actionpack (4.1.6) lib/action_dispatch/middleware/params_parser.rb:27:in `call'
  actionpack (4.1.6) lib/action_dispatch/middleware/flash.rb:254:in `call'
  rack (1.5.2) lib/rack/session/abstract/id.rb:225:in `context'
  rack (1.5.2) lib/rack/session/abstract/id.rb:220:in `call'
  actionpack (4.1.6) lib/action_dispatch/middleware/cookies.rb:560:in `call'
  activerecord (4.1.6) lib/active_record/query_cache.rb:36:in `call'
  activerecord (4.1.6) lib/active_record/connection_adapters/abstract/connection_pool.rb:621:in `call'
  activerecord (4.1.6) lib/active_record/migration.rb:380:in `call'
  actionpack (4.1.6) lib/action_dispatch/middleware/callbacks.rb:29:in `block in call'
  activesupport (4.1.6) lib/active_support/callbacks.rb:82:in `run_callbacks'
  actionpack (4.1.6) lib/action_dispatch/middleware/callbacks.rb:27:in `call'
  actionpack (4.1.6) lib/action_dispatch/middleware/reloader.rb:73:in `call'
  actionpack (4.1.6) lib/action_dispatch/middleware/remote_ip.rb:76:in `call'
  actionpack (4.1.6) lib/action_dispatch/middleware/debug_exceptions.rb:17:in `call'
  actionpack (4.1.6) lib/action_dispatch/middleware/show_exceptions.rb:30:in `call'
  railties (4.1.6) lib/rails/rack/logger.rb:38:in `call_app'
  railties (4.1.6) lib/rails/rack/logger.rb:20:in `block in call'
  activesupport (4.1.6) lib/active_support/tagged_logging.rb:68:in `block in tagged'
  activesupport (4.1.6) lib/active_support/tagged_logging.rb:26:in `tagged'
  activesupport (4.1.6) lib/active_support/tagged_logging.rb:68:in `tagged'
  railties (4.1.6) lib/rails/rack/logger.rb:20:in `call'
  actionpack (4.1.6) lib/action_dispatch/middleware/request_id.rb:21:in `call'
  rack (1.5.2) lib/rack/methodoverride.rb:21:in `call'
  rack (1.5.2) lib/rack/runtime.rb:17:in `call'
  activesupport (4.1.6) lib/active_support/cache/strategy/local_cache_middleware.rb:26:in `call'
  rack (1.5.2) lib/rack/lock.rb:17:in `call'
  actionpack (4.1.6) lib/action_dispatch/middleware/static.rb:64:in `call'
  rack (1.5.2) lib/rack/sendfile.rb:112:in `call'
  railties (4.1.6) lib/rails/engine.rb:514:in `call'
  railties (4.1.6) lib/rails/application.rb:144:in `call'
  rack (1.5.2) lib/rack/lock.rb:17:in `call'
  rack (1.5.2) lib/rack/content_length.rb:14:in `call'
  rack (1.5.2) lib/rack/handler/webrick.rb:60:in `service'
  /home/hema/.rvm/rubies/ruby-2.1.0/lib/ruby/2.1.0/webrick/httpserver.rb:138:in `service'
  /home/hema/.rvm/rubies/ruby-2.1.0/lib/ruby/2.1.0/webrick/httpserver.rb:94:in `run'
  /home/hema/.rvm/rubies/ruby-2.1.0/lib/ruby/2.1.0/webrick/server.rb:295:in `block in start_thread'


  Rendered /home/hema/.rvm/gems/ruby-2.1.0/gems/actionpack-4.1.6/lib/action_dispatch/middleware/templates/rescues/missing_template.html.erb within rescues/layout (2.4ms)


Started GET "/" for 127.0.0.1 at 2014-12-20 20:49:36 +0530
Processing by Rails::WelcomeController#index as HTML
Completed 500 Internal Server Error in 3ms

ActionView::MissingTemplate (Missing template rails/welcome/index, rails/application/index with {:locale=>[:en], :formats=>[:html], :variants=>[], :handlers=>[:erb, :builder, :raw, :ruby, :coffee, :jbuilder]}. Searched in:
  * "/home/hema/.rvm/gems/ruby-2.1.0/gems/railties-4.1.6/lib/rails/templates"
):
  actionview (4.1.6) lib/action_view/path_set.rb:46:in `find'
  actionview (4.1.6) lib/action_view/lookup_context.rb:124:in `find'
  actionview (4.1.6) lib/action_view/renderer/abstract_renderer.rb:18:in `find_template'
  actionview (4.1.6) lib/action_view/renderer/template_renderer.rb:41:in `determine_template'
  actionview (4.1.6) lib/action_view/renderer/template_renderer.rb:8:in `render'
  actionview (4.1.6) lib/action_view/renderer/renderer.rb:42:in `render_template'
  actionview (4.1.6) lib/action_view/renderer/renderer.rb:23:in `render'
  actionview (4.1.6) lib/action_view/rendering.rb:99:in `_render_template'
  actionpack (4.1.6) lib/action_controller/metal/streaming.rb:217:in `_render_template'
  actionview (4.1.6) lib/action_view/rendering.rb:82:in `render_to_body'
  actionpack (4.1.6) lib/action_controller/metal/rendering.rb:32:in `render_to_body'
  actionpack (4.1.6) lib/action_controller/metal/renderers.rb:32:in `render_to_body'
  actionpack (4.1.6) lib/abstract_controller/rendering.rb:25:in `render'
  actionpack (4.1.6) lib/action_controller/metal/rendering.rb:16:in `render'
  actionpack (4.1.6) lib/action_controller/metal/instrumentation.rb:41:in `block (2 levels) in render'
  activesupport (4.1.6) lib/active_support/core_ext/benchmark.rb:12:in `block in ms'
  /home/hema/.rvm/rubies/ruby-2.1.0/lib/ruby/2.1.0/benchmark.rb:294:in `realtime'
  activesupport (4.1.6) lib/active_support/core_ext/benchmark.rb:12:in `ms'
  actionpack (4.1.6) lib/action_controller/metal/instrumentation.rb:41:in `block in render'
  actionpack (4.1.6) lib/action_controller/metal/instrumentation.rb:84:in `cleanup_view_runtime'
  activerecord (4.1.6) lib/active_record/railties/controller_runtime.rb:25:in `cleanup_view_runtime'
  actionpack (4.1.6) lib/action_controller/metal/instrumentation.rb:40:in `render'
  actionpack (4.1.6) lib/action_controller/metal/implicit_render.rb:10:in `default_render'
  actionpack (4.1.6) lib/action_controller/metal/implicit_render.rb:5:in `send_action'
  actionpack (4.1.6) lib/abstract_controller/base.rb:189:in `process_action'
  actionpack (4.1.6) lib/action_controller/metal/rendering.rb:10:in `process_action'
  actionpack (4.1.6) lib/abstract_controller/callbacks.rb:20:in `block in process_action'
  activesupport (4.1.6) lib/active_support/callbacks.rb:113:in `call'
  activesupport (4.1.6) lib/active_support/callbacks.rb:113:in `call'
  activesupport (4.1.6) lib/active_support/callbacks.rb:229:in `block in halting'
  activesupport (4.1.6) lib/active_support/callbacks.rb:166:in `call'
  activesupport (4.1.6) lib/active_support/callbacks.rb:166:in `block in halting'
  activesupport (4.1.6) lib/active_support/callbacks.rb:166:in `call'
  activesupport (4.1.6) lib/active_support/callbacks.rb:166:in `block in halting'
  activesupport (4.1.6) lib/active_support/callbacks.rb:86:in `call'
  activesupport (4.1.6) lib/active_support/callbacks.rb:86:in `run_callbacks'
  actionpack (4.1.6) lib/abstract_controller/callbacks.rb:19:in `process_action'
  actionpack (4.1.6) lib/action_controller/metal/rescue.rb:29:in `process_action'
  actionpack (4.1.6) lib/action_controller/metal/instrumentation.rb:31:in `block in process_action'
  activesupport (4.1.6) lib/active_support/notifications.rb:159:in `block in instrument'
  activesupport (4.1.6) lib/active_support/notifications/instrumenter.rb:20:in `instrument'
  activesupport (4.1.6) lib/active_support/notifications.rb:159:in `instrument'
  actionpack (4.1.6) lib/action_controller/metal/instrumentation.rb:30:in `process_action'
  actionpack (4.1.6) lib/action_controller/metal/params_wrapper.rb:250:in `process_action'
  activerecord (4.1.6) lib/active_record/railties/controller_runtime.rb:18:in `process_action'
  actionpack (4.1.6) lib/abstract_controller/base.rb:136:in `process'
  actionview (4.1.6) lib/action_view/rendering.rb:30:in `process'
  actionpack (4.1.6) lib/action_controller/metal.rb:196:in `dispatch'
  actionpack (4.1.6) lib/action_controller/metal/rack_delegation.rb:13:in `dispatch'
  actionpack (4.1.6) lib/action_controller/metal.rb:232:in `block in action'
  actionpack (4.1.6) lib/action_dispatch/routing/route_set.rb:82:in `call'
  actionpack (4.1.6) lib/action_dispatch/routing/route_set.rb:82:in `dispatch'
  actionpack (4.1.6) lib/action_dispatch/routing/route_set.rb:50:in `call'
  actionpack (4.1.6) lib/action_dispatch/journey/router.rb:73:in `block in call'
  actionpack (4.1.6) lib/action_dispatch/journey/router.rb:59:in `each'
  actionpack (4.1.6) lib/action_dispatch/journey/router.rb:59:in `call'
  actionpack (4.1.6) lib/action_dispatch/routing/route_set.rb:678:in `call'
  rack (1.5.2) lib/rack/etag.rb:23:in `call'
  rack (1.5.2) lib/rack/conditionalget.rb:25:in `call'
  rack (1.5.2) lib/rack/head.rb:11:in `call'
  actionpack (4.1.6) lib/action_dispatch/middleware/params_parser.rb:27:in `call'
  actionpack (4.1.6) lib/action_dispatch/middleware/flash.rb:254:in `call'
  rack (1.5.2) lib/rack/session/abstract/id.rb:225:in `context'
  rack (1.5.2) lib/rack/session/abstract/id.rb:220:in `call'
  actionpack (4.1.6) lib/action_dispatch/middleware/cookies.rb:560:in `call'
  activerecord (4.1.6) lib/active_record/query_cache.rb:36:in `call'
  activerecord (4.1.6) lib/active_record/connection_adapters/abstract/connection_pool.rb:621:in `call'
  activerecord (4.1.6) lib/active_record/migration.rb:380:in `call'
  actionpack (4.1.6) lib/action_dispatch/middleware/callbacks.rb:29:in `block in call'
  activesupport (4.1.6) lib/active_support/callbacks.rb:82:in `run_callbacks'
  actionpack (4.1.6) lib/action_dispatch/middleware/callbacks.rb:27:in `call'
  actionpack (4.1.6) lib/action_dispatch/middleware/reloader.rb:73:in `call'
  actionpack (4.1.6) lib/action_dispatch/middleware/remote_ip.rb:76:in `call'
  actionpack (4.1.6) lib/action_dispatch/middleware/debug_exceptions.rb:17:in `call'
  actionpack (4.1.6) lib/action_dispatch/middleware/show_exceptions.rb:30:in `call'
  railties (4.1.6) lib/rails/rack/logger.rb:38:in `call_app'
  railties (4.1.6) lib/rails/rack/logger.rb:20:in `block in call'
  activesupport (4.1.6) lib/active_support/tagged_logging.rb:68:in `block in tagged'
  activesupport (4.1.6) lib/active_support/tagged_logging.rb:26:in `tagged'
  activesupport (4.1.6) lib/active_support/tagged_logging.rb:68:in `tagged'
  railties (4.1.6) lib/rails/rack/logger.rb:20:in `call'
  actionpack (4.1.6) lib/action_dispatch/middleware/request_id.rb:21:in `call'
  rack (1.5.2) lib/rack/methodoverride.rb:21:in `call'
  rack (1.5.2) lib/rack/runtime.rb:17:in `call'
  activesupport (4.1.6) lib/active_support/cache/strategy/local_cache_middleware.rb:26:in `call'
  rack (1.5.2) lib/rack/lock.rb:17:in `call'
  actionpack (4.1.6) lib/action_dispatch/middleware/static.rb:64:in `call'
  rack (1.5.2) lib/rack/sendfile.rb:112:in `call'
  railties (4.1.6) lib/rails/engine.rb:514:in `call'
  railties (4.1.6) lib/rails/application.rb:144:in `call'
  rack (1.5.2) lib/rack/lock.rb:17:in `call'
  rack (1.5.2) lib/rack/content_length.rb:14:in `call'
  rack (1.5.2) lib/rack/handler/webrick.rb:60:in `service'
  /home/hema/.rvm/rubies/ruby-2.1.0/lib/ruby/2.1.0/webrick/httpserver.rb:138:in `service'
  /home/hema/.rvm/rubies/ruby-2.1.0/lib/ruby/2.1.0/webrick/httpserver.rb:94:in `run'
  /home/hema/.rvm/rubies/ruby-2.1.0/lib/ruby/2.1.0/webrick/server.rb:295:in `block in start_thread'


  Rendered /home/hema/.rvm/gems/ruby-2.1.0/gems/actionpack-4.1.6/lib/action_dispatch/middleware/templates/rescues/missing_template.html.erb within rescues/layout (1.1ms)


Started GET "/" for 127.0.0.1 at 2014-12-20 20:49:39 +0530
Processing by Rails::WelcomeController#index as HTML
Completed 500 Internal Server Error in 2ms

ActionView::MissingTemplate (Missing template rails/welcome/index, rails/application/index with {:locale=>[:en], :formats=>[:html], :variants=>[], :handlers=>[:erb, :builder, :raw, :ruby, :coffee, :jbuilder]}. Searched in:
  * "/home/hema/.rvm/gems/ruby-2.1.0/gems/railties-4.1.6/lib/rails/templates"
):
  actionview (4.1.6) lib/action_view/path_set.rb:46:in `find'
  actionview (4.1.6) lib/action_view/lookup_context.rb:124:in `find'
  actionview (4.1.6) lib/action_view/renderer/abstract_renderer.rb:18:in `find_template'
  actionview (4.1.6) lib/action_view/renderer/template_renderer.rb:41:in `determine_template'
  actionview (4.1.6) lib/action_view/renderer/template_renderer.rb:8:in `render'
  actionview (4.1.6) lib/action_view/renderer/renderer.rb:42:in `render_template'
  actionview (4.1.6) lib/action_view/renderer/renderer.rb:23:in `render'
  actionview (4.1.6) lib/action_view/rendering.rb:99:in `_render_template'
  actionpack (4.1.6) lib/action_controller/metal/streaming.rb:217:in `_render_template'
  actionview (4.1.6) lib/action_view/rendering.rb:82:in `render_to_body'
  actionpack (4.1.6) lib/action_controller/metal/rendering.rb:32:in `render_to_body'
  actionpack (4.1.6) lib/action_controller/metal/renderers.rb:32:in `render_to_body'
  actionpack (4.1.6) lib/abstract_controller/rendering.rb:25:in `render'
  actionpack (4.1.6) lib/action_controller/metal/rendering.rb:16:in `render'
  actionpack (4.1.6) lib/action_controller/metal/instrumentation.rb:41:in `block (2 levels) in render'
  activesupport (4.1.6) lib/active_support/core_ext/benchmark.rb:12:in `block in ms'
  /home/hema/.rvm/rubies/ruby-2.1.0/lib/ruby/2.1.0/benchmark.rb:294:in `realtime'
  activesupport (4.1.6) lib/active_support/core_ext/benchmark.rb:12:in `ms'
  actionpack (4.1.6) lib/action_controller/metal/instrumentation.rb:41:in `block in render'
  actionpack (4.1.6) lib/action_controller/metal/instrumentation.rb:84:in `cleanup_view_runtime'
  activerecord (4.1.6) lib/active_record/railties/controller_runtime.rb:25:in `cleanup_view_runtime'
  actionpack (4.1.6) lib/action_controller/metal/instrumentation.rb:40:in `render'
  actionpack (4.1.6) lib/action_controller/metal/implicit_render.rb:10:in `default_render'
  actionpack (4.1.6) lib/action_controller/metal/implicit_render.rb:5:in `send_action'
  actionpack (4.1.6) lib/abstract_controller/base.rb:189:in `process_action'
  actionpack (4.1.6) lib/action_controller/metal/rendering.rb:10:in `process_action'
  actionpack (4.1.6) lib/abstract_controller/callbacks.rb:20:in `block in process_action'
  activesupport (4.1.6) lib/active_support/callbacks.rb:113:in `call'
  activesupport (4.1.6) lib/active_support/callbacks.rb:113:in `call'
  activesupport (4.1.6) lib/active_support/callbacks.rb:229:in `block in halting'
  activesupport (4.1.6) lib/active_support/callbacks.rb:166:in `call'
  activesupport (4.1.6) lib/active_support/callbacks.rb:166:in `block in halting'
  activesupport (4.1.6) lib/active_support/callbacks.rb:166:in `call'
  activesupport (4.1.6) lib/active_support/callbacks.rb:166:in `block in halting'
  activesupport (4.1.6) lib/active_support/callbacks.rb:86:in `call'
  activesupport (4.1.6) lib/active_support/callbacks.rb:86:in `run_callbacks'
  actionpack (4.1.6) lib/abstract_controller/callbacks.rb:19:in `process_action'
  actionpack (4.1.6) lib/action_controller/metal/rescue.rb:29:in `process_action'
  actionpack (4.1.6) lib/action_controller/metal/instrumentation.rb:31:in `block in process_action'
  activesupport (4.1.6) lib/active_support/notifications.rb:159:in `block in instrument'
  activesupport (4.1.6) lib/active_support/notifications/instrumenter.rb:20:in `instrument'
  activesupport (4.1.6) lib/active_support/notifications.rb:159:in `instrument'
  actionpack (4.1.6) lib/action_controller/metal/instrumentation.rb:30:in `process_action'
  actionpack (4.1.6) lib/action_controller/metal/params_wrapper.rb:250:in `process_action'
  activerecord (4.1.6) lib/active_record/railties/controller_runtime.rb:18:in `process_action'
  actionpack (4.1.6) lib/abstract_controller/base.rb:136:in `process'
  actionview (4.1.6) lib/action_view/rendering.rb:30:in `process'
  actionpack (4.1.6) lib/action_controller/metal.rb:196:in `dispatch'
  actionpack (4.1.6) lib/action_controller/metal/rack_delegation.rb:13:in `dispatch'
  actionpack (4.1.6) lib/action_controller/metal.rb:232:in `block in action'
  actionpack (4.1.6) lib/action_dispatch/routing/route_set.rb:82:in `call'
  actionpack (4.1.6) lib/action_dispatch/routing/route_set.rb:82:in `dispatch'
  actionpack (4.1.6) lib/action_dispatch/routing/route_set.rb:50:in `call'
  actionpack (4.1.6) lib/action_dispatch/journey/router.rb:73:in `block in call'
  actionpack (4.1.6) lib/action_dispatch/journey/router.rb:59:in `each'
  actionpack (4.1.6) lib/action_dispatch/journey/router.rb:59:in `call'
  actionpack (4.1.6) lib/action_dispatch/routing/route_set.rb:678:in `call'
  rack (1.5.2) lib/rack/etag.rb:23:in `call'
  rack (1.5.2) lib/rack/conditionalget.rb:25:in `call'
  rack (1.5.2) lib/rack/head.rb:11:in `call'
  actionpack (4.1.6) lib/action_dispatch/middleware/params_parser.rb:27:in `call'
  actionpack (4.1.6) lib/action_dispatch/middleware/flash.rb:254:in `call'
  rack (1.5.2) lib/rack/session/abstract/id.rb:225:in `context'
  rack (1.5.2) lib/rack/session/abstract/id.rb:220:in `call'
  actionpack (4.1.6) lib/action_dispatch/middleware/cookies.rb:560:in `call'
  activerecord (4.1.6) lib/active_record/query_cache.rb:36:in `call'
  activerecord (4.1.6) lib/active_record/connection_adapters/abstract/connection_pool.rb:621:in `call'
  activerecord (4.1.6) lib/active_record/migration.rb:380:in `call'
  actionpack (4.1.6) lib/action_dispatch/middleware/callbacks.rb:29:in `block in call'
  activesupport (4.1.6) lib/active_support/callbacks.rb:82:in `run_callbacks'
  actionpack (4.1.6) lib/action_dispatch/middleware/callbacks.rb:27:in `call'
  actionpack (4.1.6) lib/action_dispatch/middleware/reloader.rb:73:in `call'
  actionpack (4.1.6) lib/action_dispatch/middleware/remote_ip.rb:76:in `call'
  actionpack (4.1.6) lib/action_dispatch/middleware/debug_exceptions.rb:17:in `call'
  actionpack (4.1.6) lib/action_dispatch/middleware/show_exceptions.rb:30:in `call'
  railties (4.1.6) lib/rails/rack/logger.rb:38:in `call_app'
  railties (4.1.6) lib/rails/rack/logger.rb:20:in `block in call'
  activesupport (4.1.6) lib/active_support/tagged_logging.rb:68:in `block in tagged'
  activesupport (4.1.6) lib/active_support/tagged_logging.rb:26:in `tagged'
  activesupport (4.1.6) lib/active_support/tagged_logging.rb:68:in `tagged'
  railties (4.1.6) lib/rails/rack/logger.rb:20:in `call'
  actionpack (4.1.6) lib/action_dispatch/middleware/request_id.rb:21:in `call'
  rack (1.5.2) lib/rack/methodoverride.rb:21:in `call'
  rack (1.5.2) lib/rack/runtime.rb:17:in `call'
  activesupport (4.1.6) lib/active_support/cache/strategy/local_cache_middleware.rb:26:in `call'
  rack (1.5.2) lib/rack/lock.rb:17:in `call'
  actionpack (4.1.6) lib/action_dispatch/middleware/static.rb:64:in `call'
  rack (1.5.2) lib/rack/sendfile.rb:112:in `call'
  railties (4.1.6) lib/rails/engine.rb:514:in `call'
  railties (4.1.6) lib/rails/application.rb:144:in `call'
  rack (1.5.2) lib/rack/lock.rb:17:in `call'
  rack (1.5.2) lib/rack/content_length.rb:14:in `call'
  rack (1.5.2) lib/rack/handler/webrick.rb:60:in `service'
  /home/hema/.rvm/rubies/ruby-2.1.0/lib/ruby/2.1.0/webrick/httpserver.rb:138:in `service'
  /home/hema/.rvm/rubies/ruby-2.1.0/lib/ruby/2.1.0/webrick/httpserver.rb:94:in `run'
  /home/hema/.rvm/rubies/ruby-2.1.0/lib/ruby/2.1.0/webrick/server.rb:295:in `block in start_thread'


  Rendered /home/hema/.rvm/gems/ruby-2.1.0/gems/actionpack-4.1.6/lib/action_dispatch/middleware/templates/rescues/missing_template.html.erb within rescues/layout (0.9ms)


Started GET "/" for 127.0.0.1 at 2014-12-20 20:51:01 +0530
Processing by UserController#index as HTML
  Rendered user/index.html.erb within layouts/application (2.1ms)
Completed 200 OK in 753ms (Views: 732.2ms | ActiveRecord: 0.0ms)


Started GET "/assets/user.css?body=1" for 127.0.0.1 at 2014-12-20 20:51:02 +0530


Started GET "/assets/user.js?body=1" for 127.0.0.1 at 2014-12-20 20:51:02 +0530


Started GET "/assets/turbolinks.js?body=1" for 127.0.0.1 at 2014-12-20 20:51:02 +0530


Started GET "/assets/application.css?body=1" for 127.0.0.1 at 2014-12-20 20:51:02 +0530


Started GET "/assets/jquery.js?body=1" for 127.0.0.1 at 2014-12-20 20:51:02 +0530


Started GET "/assets/jquery_ujs.js?body=1" for 127.0.0.1 at 2014-12-20 20:51:02 +0530


Started GET "/assets/application.js?body=1" for 127.0.0.1 at 2014-12-20 20:51:02 +0530


Started GET "/" for 127.0.0.1 at 2014-12-20 20:52:03 +0530
Processing by UserController#index as HTML
  Rendered user/index.html.erb within layouts/application (2.1ms)
Completed 200 OK in 194ms (Views: 173.4ms | ActiveRecord: 0.0ms)


Started GET "/assets/user.css?body=1" for 127.0.0.1 at 2014-12-20 20:52:04 +0530


Started GET "/assets/user.js?body=1" for 127.0.0.1 at 2014-12-20 20:52:04 +0530


Started GET "/assets/application.js?body=1" for 127.0.0.1 at 2014-12-20 20:52:04 +0530


Started GET "/assets/turbolinks.js?body=1" for 127.0.0.1 at 2014-12-20 20:52:04 +0530


Started GET "/assets/application.css?body=1" for 127.0.0.1 at 2014-12-20 20:52:04 +0530


Started GET "/" for 127.0.0.1 at 2014-12-20 20:54:10 +0530
Processing by UserController#index as HTML
  Rendered user/index.html.erb within layouts/application (25.2ms)
Completed 500 Internal Server Error in 32ms

ActionView::Template::Error (undefined local variable or method `expensive_products_path' for #<#<Class:0xb515f8b4>:0x90c5630>):
    3:         <%= menu_item "Home", root_path %>
    4:         <%= menu_divider %>
    5:         <%= drop_down "Products" do %>
    6:             <%= menu_item "Things you can't afford", expensive_products_path %>
    7:             <%= menu_item "Things that won't suit you anyway", harem_pants_path %>
    8:             <%= menu_item "Things you're not even cool enough to buy anyway", hipster_products_path %>
    9:             <% if current_user.lives_in_hackney? %>
  app/views/user/index.html.erb:6:in `block (3 levels) in _app_views_user_index_html_erb___428758540_75899240'
  app/views/user/index.html.erb:5:in `block (2 levels) in _app_views_user_index_html_erb___428758540_75899240'
  app/views/user/index.html.erb:2:in `block in _app_views_user_index_html_erb___428758540_75899240'
  app/views/user/index.html.erb:1:in `_app_views_user_index_html_erb___428758540_75899240'


  Rendered /home/hema/.rvm/gems/ruby-2.1.0/gems/actionpack-4.1.6/lib/action_dispatch/middleware/templates/rescues/_trace.html.erb (3.0ms)
  Rendered /home/hema/.rvm/gems/ruby-2.1.0/gems/actionpack-4.1.6/lib/action_dispatch/middleware/templates/rescues/_request_and_response.html.erb (2.0ms)
  Rendered /home/hema/.rvm/gems/ruby-2.1.0/gems/actionpack-4.1.6/lib/action_dispatch/middleware/templates/rescues/template_error.html.erb within rescues/layout (29.6ms)


Started GET "/" for 127.0.0.1 at 2014-12-20 20:55:32 +0530
Processing by UserController#index as HTML
  Rendered user/index.html.erb within layouts/application (0.7ms)
Completed 500 Internal Server Error in 45ms

ActionView::Template::Error (couldn't find file 'twitter-bootstrap'
  (in /home/hema/testapp/app/assets/stylesheets/application.css:15)):
    2: <html>
    3: <head>
    4:   <title>Testapp</title>
    5:   <%= stylesheet_link_tag    'application', media: 'all', 'data-turbolinks-track' => true %>
    6:   <%= javascript_include_tag 'application', 'data-turbolinks-track' => true %>
    7:   <%= csrf_meta_tags %>
    8: </head>
  app/views/layouts/application.html.erb:5:in `_app_views_layouts_application_html_erb___113882452__628320188'


  Rendered /home/hema/.rvm/gems/ruby-2.1.0/gems/actionpack-4.1.6/lib/action_dispatch/middleware/templates/rescues/_trace.html.erb (2.9ms)
  Rendered /home/hema/.rvm/gems/ruby-2.1.0/gems/actionpack-4.1.6/lib/action_dispatch/middleware/templates/rescues/_request_and_response.html.erb (1.9ms)
  Rendered /home/hema/.rvm/gems/ruby-2.1.0/gems/actionpack-4.1.6/lib/action_dispatch/middleware/templates/rescues/template_error.html.erb within rescues/layout (22.1ms)


Started GET "/" for 127.0.0.1 at 2014-12-20 20:55:53 +0530
Processing by UserController#index as HTML
  Rendered user/index.html.erb within layouts/application (0.1ms)
Completed 500 Internal Server Error in 32ms

ActionView::Template::Error (couldn't find file 'twitter-bootstrap'
  (in /home/hema/testapp/app/assets/stylesheets/application.css:15)):
    2: <html>
    3: <head>
    4:   <title>Testapp</title>
    5:   <%= stylesheet_link_tag    'application', media: 'all' %>
    6:   <%= javascript_include_tag 'application' %>
    7:   <%= csrf_meta_tags %>
    8: </head>
  app/views/layouts/application.html.erb:5:in `_app_views_layouts_application_html_erb___113882452__625673238'


  Rendered /home/hema/.rvm/gems/ruby-2.1.0/gems/actionpack-4.1.6/lib/action_dispatch/middleware/templates/rescues/_trace.html.erb (2.7ms)
  Rendered /home/hema/.rvm/gems/ruby-2.1.0/gems/actionpack-4.1.6/lib/action_dispatch/middleware/templates/rescues/_request_and_response.html.erb (1.9ms)
  Rendered /home/hema/.rvm/gems/ruby-2.1.0/gems/actionpack-4.1.6/lib/action_dispatch/middleware/templates/rescues/template_error.html.erb within rescues/layout (21.9ms)


Started GET "/" for 127.0.0.1 at 2014-12-20 20:55:54 +0530
Processing by UserController#index as HTML
  Rendered user/index.html.erb within layouts/application (0.1ms)
Completed 500 Internal Server Error in 29ms

ActionView::Template::Error (couldn't find file 'twitter-bootstrap'
  (in /home/hema/testapp/app/assets/stylesheets/application.css:15)):
    2: <html>
    3: <head>
    4:   <title>Testapp</title>
    5:   <%= stylesheet_link_tag    'application', media: 'all' %>
    6:   <%= javascript_include_tag 'application' %>
    7:   <%= csrf_meta_tags %>
    8: </head>
  app/views/layouts/application.html.erb:5:in `_app_views_layouts_application_html_erb___113882452__625673238'


  Rendered /home/hema/.rvm/gems/ruby-2.1.0/gems/actionpack-4.1.6/lib/action_dispatch/middleware/templates/rescues/_trace.html.erb (2.6ms)
  Rendered /home/hema/.rvm/gems/ruby-2.1.0/gems/actionpack-4.1.6/lib/action_dispatch/middleware/templates/rescues/_request_and_response.html.erb (1.8ms)
  Rendered /home/hema/.rvm/gems/ruby-2.1.0/gems/actionpack-4.1.6/lib/action_dispatch/middleware/templates/rescues/template_error.html.erb within rescues/layout (22.0ms)


Started GET "/" for 127.0.0.1 at 2014-12-20 20:55:54 +0530
Processing by UserController#index as HTML
  Rendered user/index.html.erb within layouts/application (0.1ms)
Completed 500 Internal Server Error in 28ms

ActionView::Template::Error (couldn't find file 'twitter-bootstrap'
  (in /home/hema/testapp/app/assets/stylesheets/application.css:15)):
    2: <html>
    3: <head>
    4:   <title>Testapp</title>
    5:   <%= stylesheet_link_tag    'application', media: 'all' %>
    6:   <%= javascript_include_tag 'application' %>
    7:   <%= csrf_meta_tags %>
    8: </head>
  app/views/layouts/application.html.erb:5:in `_app_views_layouts_application_html_erb___113882452__625673238'


  Rendered /home/hema/.rvm/gems/ruby-2.1.0/gems/actionpack-4.1.6/lib/action_dispatch/middleware/templates/rescues/_trace.html.erb (2.7ms)
  Rendered /home/hema/.rvm/gems/ruby-2.1.0/gems/actionpack-4.1.6/lib/action_dispatch/middleware/templates/rescues/_request_and_response.html.erb (1.8ms)
  Rendered /home/hema/.rvm/gems/ruby-2.1.0/gems/actionpack-4.1.6/lib/action_dispatch/middleware/templates/rescues/template_error.html.erb within rescues/layout (22.4ms)


Started GET "/" for 127.0.0.1 at 2014-12-20 20:55:54 +0530
Processing by UserController#index as HTML
  Rendered user/index.html.erb within layouts/application (0.1ms)
Completed 500 Internal Server Error in 27ms

ActionView::Template::Error (couldn't find file 'twitter-bootstrap'
  (in /home/hema/testapp/app/assets/stylesheets/application.css:15)):
    2: <html>
    3: <head>
    4:   <title>Testapp</title>
    5:   <%= stylesheet_link_tag    'application', media: 'all' %>
    6:   <%= javascript_include_tag 'application' %>
    7:   <%= csrf_meta_tags %>
    8: </head>
  app/views/layouts/application.html.erb:5:in `_app_views_layouts_application_html_erb___113882452__625673238'


  Rendered /home/hema/.rvm/gems/ruby-2.1.0/gems/actionpack-4.1.6/lib/action_dispatch/middleware/templates/rescues/_trace.html.erb (2.7ms)
  Rendered /home/hema/.rvm/gems/ruby-2.1.0/gems/actionpack-4.1.6/lib/action_dispatch/middleware/templates/rescues/_request_and_response.html.erb (2.3ms)
  Rendered /home/hema/.rvm/gems/ruby-2.1.0/gems/actionpack-4.1.6/lib/action_dispatch/middleware/templates/rescues/template_error.html.erb within rescues/layout (30.5ms)


Started GET "/" for 127.0.0.1 at 2014-12-20 20:55:56 +0530
Processing by UserController#index as HTML
  Rendered user/index.html.erb within layouts/application (0.1ms)
Completed 500 Internal Server Error in 26ms

ActionView::Template::Error (couldn't find file 'twitter-bootstrap'
  (in /home/hema/testapp/app/assets/stylesheets/application.css:15)):
    2: <html>
    3: <head>
    4:   <title>Testapp</title>
    5:   <%= stylesheet_link_tag    'application', media: 'all' %>
    6:   <%= javascript_include_tag 'application' %>
    7:   <%= csrf_meta_tags %>
    8: </head>
  app/views/layouts/application.html.erb:5:in `_app_views_layouts_application_html_erb___113882452__625673238'


  Rendered /home/hema/.rvm/gems/ruby-2.1.0/gems/actionpack-4.1.6/lib/action_dispatch/middleware/templates/rescues/_trace.html.erb (2.7ms)
  Rendered /home/hema/.rvm/gems/ruby-2.1.0/gems/actionpack-4.1.6/lib/action_dispatch/middleware/templates/rescues/_request_and_response.html.erb (2.2ms)
  Rendered /home/hema/.rvm/gems/ruby-2.1.0/gems/actionpack-4.1.6/lib/action_dispatch/middleware/templates/rescues/template_error.html.erb within rescues/layout (23.6ms)


Started GET "/" for 127.0.0.1 at 2014-12-20 20:56:11 +0530
Processing by UserController#index as HTML
  Rendered user/index.html.erb within layouts/application (0.1ms)
Completed 200 OK in 113ms (Views: 112.0ms | ActiveRecord: 0.0ms)


Started GET "/assets/user.css?body=1" for 127.0.0.1 at 2014-12-20 20:56:11 +0530


Started GET "/assets/application.css?body=1" for 127.0.0.1 at 2014-12-20 20:56:11 +0530


Started GET "/assets/jquery.js?body=1" for 127.0.0.1 at 2014-12-20 20:56:11 +0530


Started GET "/assets/jquery_ujs.js?body=1" for 127.0.0.1 at 2014-12-20 20:56:11 +0530


Started GET "/assets/user.js?body=1" for 127.0.0.1 at 2014-12-20 20:56:11 +0530


Started GET "/assets/turbolinks.js?body=1" for 127.0.0.1 at 2014-12-20 20:56:11 +0530


Started GET "/assets/application.js?body=1" for 127.0.0.1 at 2014-12-20 20:56:11 +0530


Started GET "/" for 127.0.0.1 at 2014-12-20 20:57:45 +0530
Processing by UserController#index as HTML
  Rendered user/index.html.erb within layouts/application (0.1ms)
Completed 500 Internal Server Error in 25ms

ActionView::Template::Error (couldn't find file 'bootstrap.css'
  (in /home/hema/testapp/app/assets/stylesheets/application.css:15)):
    2: <html>
    3: <head>
    4:   <title>Testapp</title>
    5:   <%= stylesheet_link_tag    'application', media: 'all' %>
    6:   <%= javascript_include_tag 'application' %>
    7:   <%= csrf_meta_tags %>
    8: </head>
  app/views/layouts/application.html.erb:5:in `_app_views_layouts_application_html_erb___113882452__625673238'


  Rendered /home/hema/.rvm/gems/ruby-2.1.0/gems/actionpack-4.1.6/lib/action_dispatch/middleware/templates/rescues/_trace.html.erb (2.9ms)
  Rendered /home/hema/.rvm/gems/ruby-2.1.0/gems/actionpack-4.1.6/lib/action_dispatch/middleware/templates/rescues/_request_and_response.html.erb (2.1ms)
  Rendered /home/hema/.rvm/gems/ruby-2.1.0/gems/actionpack-4.1.6/lib/action_dispatch/middleware/templates/rescues/template_error.html.erb within rescues/layout (22.9ms)


Started GET "/" for 127.0.0.1 at 2014-12-20 20:57:46 +0530
Processing by UserController#index as HTML
  Rendered user/index.html.erb within layouts/application (0.1ms)
Completed 500 Internal Server Error in 28ms

ActionView::Template::Error (couldn't find file 'bootstrap.css'
  (in /home/hema/testapp/app/assets/stylesheets/application.css:15)):
    2: <html>
    3: <head>
    4:   <title>Testapp</title>
    5:   <%= stylesheet_link_tag    'application', media: 'all' %>
    6:   <%= javascript_include_tag 'application' %>
    7:   <%= csrf_meta_tags %>
    8: </head>
  app/views/layouts/application.html.erb:5:in `_app_views_layouts_application_html_erb___113882452__625673238'


  Rendered /home/hema/.rvm/gems/ruby-2.1.0/gems/actionpack-4.1.6/lib/action_dispatch/middleware/templates/rescues/_trace.html.erb (2.9ms)
  Rendered /home/hema/.rvm/gems/ruby-2.1.0/gems/actionpack-4.1.6/lib/action_dispatch/middleware/templates/rescues/_request_and_response.html.erb (2.1ms)
  Rendered /home/hema/.rvm/gems/ruby-2.1.0/gems/actionpack-4.1.6/lib/action_dispatch/middleware/templates/rescues/template_error.html.erb within rescues/layout (22.7ms)


Started GET "/" for 127.0.0.1 at 2014-12-20 20:57:59 +0530
Processing by UserController#index as HTML
  Rendered user/index.html.erb within layouts/application (0.1ms)
Completed 500 Internal Server Error in 27ms

ActionView::Template::Error (couldn't find file 'bootstrap-rails'
  (in /home/hema/testapp/app/assets/stylesheets/application.css:15)):
    2: <html>
    3: <head>
    4:   <title>Testapp</title>
    5:   <%= stylesheet_link_tag    'application', media: 'all' %>
    6:   <%= javascript_include_tag 'application' %>
    7:   <%= csrf_meta_tags %>
    8: </head>
  app/views/layouts/application.html.erb:5:in `_app_views_layouts_application_html_erb___113882452__625673238'


  Rendered /home/hema/.rvm/gems/ruby-2.1.0/gems/actionpack-4.1.6/lib/action_dispatch/middleware/templates/rescues/_trace.html.erb (2.9ms)
  Rendered /home/hema/.rvm/gems/ruby-2.1.0/gems/actionpack-4.1.6/lib/action_dispatch/middleware/templates/rescues/_request_and_response.html.erb (2.2ms)
  Rendered /home/hema/.rvm/gems/ruby-2.1.0/gems/actionpack-4.1.6/lib/action_dispatch/middleware/templates/rescues/template_error.html.erb within rescues/layout (25.7ms)


Started GET "/" for 127.0.0.1 at 2014-12-20 20:58:00 +0530
Processing by UserController#index as HTML
  Rendered user/index.html.erb within layouts/application (0.1ms)
Completed 500 Internal Server Error in 24ms

ActionView::Template::Error (couldn't find file 'bootstrap-rails'
  (in /home/hema/testapp/app/assets/stylesheets/application.css:15)):
    2: <html>
    3: <head>
    4:   <title>Testapp</title>
    5:   <%= stylesheet_link_tag    'application', media: 'all' %>
    6:   <%= javascript_include_tag 'application' %>
    7:   <%= csrf_meta_tags %>
    8: </head>
  app/views/layouts/application.html.erb:5:in `_app_views_layouts_application_html_erb___113882452__625673238'


  Rendered /home/hema/.rvm/gems/ruby-2.1.0/gems/actionpack-4.1.6/lib/action_dispatch/middleware/templates/rescues/_trace.html.erb (2.6ms)
  Rendered /home/hema/.rvm/gems/ruby-2.1.0/gems/actionpack-4.1.6/lib/action_dispatch/middleware/templates/rescues/_request_and_response.html.erb (1.7ms)
  Rendered /home/hema/.rvm/gems/ruby-2.1.0/gems/actionpack-4.1.6/lib/action_dispatch/middleware/templates/rescues/template_error.html.erb within rescues/layout (21.8ms)


Started GET "/" for 127.0.0.1 at 2014-12-20 20:58:01 +0530
Processing by UserController#index as HTML
  Rendered user/index.html.erb within layouts/application (0.1ms)
Completed 500 Internal Server Error in 74ms

ActionView::Template::Error (couldn't find file 'bootstrap-rails'
  (in /home/hema/testapp/app/assets/stylesheets/application.css:15)):
    2: <html>
    3: <head>
    4:   <title>Testapp</title>
    5:   <%= stylesheet_link_tag    'application', media: 'all' %>
    6:   <%= javascript_include_tag 'application' %>
    7:   <%= csrf_meta_tags %>
    8: </head>
  app/views/layouts/application.html.erb:5:in `_app_views_layouts_application_html_erb___113882452__625673238'


  Rendered /home/hema/.rvm/gems/ruby-2.1.0/gems/actionpack-4.1.6/lib/action_dispatch/middleware/templates/rescues/_trace.html.erb (3.4ms)
  Rendered /home/hema/.rvm/gems/ruby-2.1.0/gems/actionpack-4.1.6/lib/action_dispatch/middleware/templates/rescues/_request_and_response.html.erb (2.5ms)
  Rendered /home/hema/.rvm/gems/ruby-2.1.0/gems/actionpack-4.1.6/lib/action_dispatch/middleware/templates/rescues/template_error.html.erb within rescues/layout (24.4ms)


Started GET "/" for 127.0.0.1 at 2014-12-20 20:58:01 +0530
Processing by UserController#index as HTML
  Rendered user/index.html.erb within layouts/application (0.1ms)
Completed 500 Internal Server Error in 25ms

ActionView::Template::Error (couldn't find file 'bootstrap-rails'
  (in /home/hema/testapp/app/assets/stylesheets/application.css:15)):
    2: <html>
    3: <head>
    4:   <title>Testapp</title>
    5:   <%= stylesheet_link_tag    'application', media: 'all' %>
    6:   <%= javascript_include_tag 'application' %>
    7:   <%= csrf_meta_tags %>
    8: </head>
  app/views/layouts/application.html.erb:5:in `_app_views_layouts_application_html_erb___113882452__625673238'


  Rendered /home/hema/.rvm/gems/ruby-2.1.0/gems/actionpack-4.1.6/lib/action_dispatch/middleware/templates/rescues/_trace.html.erb (2.7ms)
  Rendered /home/hema/.rvm/gems/ruby-2.1.0/gems/actionpack-4.1.6/lib/action_dispatch/middleware/templates/rescues/_request_and_response.html.erb (1.9ms)
  Rendered /home/hema/.rvm/gems/ruby-2.1.0/gems/actionpack-4.1.6/lib/action_dispatch/middleware/templates/rescues/template_error.html.erb within rescues/layout (22.3ms)


Started GET "/" for 127.0.0.1 at 2014-12-20 20:58:01 +0530
Processing by UserController#index as HTML
  Rendered user/index.html.erb within layouts/application (0.1ms)
Completed 500 Internal Server Error in 29ms

ActionView::Template::Error (couldn't find file 'bootstrap-rails'
  (in /home/hema/testapp/app/assets/stylesheets/application.css:15)):
    2: <html>
    3: <head>
    4:   <title>Testapp</title>
    5:   <%= stylesheet_link_tag    'application', media: 'all' %>
    6:   <%= javascript_include_tag 'application' %>
    7:   <%= csrf_meta_tags %>
    8: </head>
  app/views/layouts/application.html.erb:5:in `_app_views_layouts_application_html_erb___113882452__625673238'


  Rendered /home/hema/.rvm/gems/ruby-2.1.0/gems/actionpack-4.1.6/lib/action_dispatch/middleware/templates/rescues/_trace.html.erb (2.8ms)
  Rendered /home/hema/.rvm/gems/ruby-2.1.0/gems/actionpack-4.1.6/lib/action_dispatch/middleware/templates/rescues/_request_and_response.html.erb (1.9ms)
  Rendered /home/hema/.rvm/gems/ruby-2.1.0/gems/actionpack-4.1.6/lib/action_dispatch/middleware/templates/rescues/template_error.html.erb within rescues/layout (22.3ms)


Started GET "/" for 127.0.0.1 at 2014-12-20 20:58:02 +0530
Processing by UserController#index as HTML
  Rendered user/index.html.erb within layouts/application (0.1ms)
Completed 500 Internal Server Error in 26ms

ActionView::Template::Error (couldn't find file 'bootstrap-rails'
  (in /home/hema/testapp/app/assets/stylesheets/application.css:15)):
    2: <html>
    3: <head>
    4:   <title>Testapp</title>
    5:   <%= stylesheet_link_tag    'application', media: 'all' %>
    6:   <%= javascript_include_tag 'application' %>
    7:   <%= csrf_meta_tags %>
    8: </head>
  app/views/layouts/application.html.erb:5:in `_app_views_layouts_application_html_erb___113882452__625673238'


  Rendered /home/hema/.rvm/gems/ruby-2.1.0/gems/actionpack-4.1.6/lib/action_dispatch/middleware/templates/rescues/_trace.html.erb (2.8ms)
  Rendered /home/hema/.rvm/gems/ruby-2.1.0/gems/actionpack-4.1.6/lib/action_dispatch/middleware/templates/rescues/_request_and_response.html.erb (1.7ms)
  Rendered /home/hema/.rvm/gems/ruby-2.1.0/gems/actionpack-4.1.6/lib/action_dispatch/middleware/templates/rescues/template_error.html.erb within rescues/layout (22.2ms)


Started GET "/" for 127.0.0.1 at 2014-12-20 20:58:02 +0530
Processing by UserController#index as HTML
  Rendered user/index.html.erb within layouts/application (0.1ms)
Completed 500 Internal Server Error in 29ms

ActionView::Template::Error (couldn't find file 'bootstrap-rails'
  (in /home/hema/testapp/app/assets/stylesheets/application.css:15)):
    2: <html>
    3: <head>
    4:   <title>Testapp</title>
    5:   <%= stylesheet_link_tag    'application', media: 'all' %>
    6:   <%= javascript_include_tag 'application' %>
    7:   <%= csrf_meta_tags %>
    8: </head>
  app/views/layouts/application.html.erb:5:in `_app_views_layouts_application_html_erb___113882452__625673238'


  Rendered /home/hema/.rvm/gems/ruby-2.1.0/gems/actionpack-4.1.6/lib/action_dispatch/middleware/templates/rescues/_trace.html.erb (2.7ms)
  Rendered /home/hema/.rvm/gems/ruby-2.1.0/gems/actionpack-4.1.6/lib/action_dispatch/middleware/templates/rescues/_request_and_response.html.erb (2.1ms)
  Rendered /home/hema/.rvm/gems/ruby-2.1.0/gems/actionpack-4.1.6/lib/action_dispatch/middleware/templates/rescues/template_error.html.erb within rescues/layout (31.1ms)


Started GET "/" for 127.0.0.1 at 2014-12-20 20:58:02 +0530
Processing by UserController#index as HTML
  Rendered user/index.html.erb within layouts/application (0.1ms)
Completed 500 Internal Server Error in 35ms

ActionView::Template::Error (couldn't find file 'bootstrap-rails'
  (in /home/hema/testapp/app/assets/stylesheets/application.css:15)):
    2: <html>
    3: <head>
    4:   <title>Testapp</title>
    5:   <%= stylesheet_link_tag    'application', media: 'all' %>
    6:   <%= javascript_include_tag 'application' %>
    7:   <%= csrf_meta_tags %>
    8: </head>
  app/views/layouts/application.html.erb:5:in `_app_views_layouts_application_html_erb___113882452__625673238'


  Rendered /home/hema/.rvm/gems/ruby-2.1.0/gems/actionpack-4.1.6/lib/action_dispatch/middleware/templates/rescues/_trace.html.erb (3.6ms)
  Rendered /home/hema/.rvm/gems/ruby-2.1.0/gems/actionpack-4.1.6/lib/action_dispatch/middleware/templates/rescues/_request_and_response.html.erb (2.1ms)
  Rendered /home/hema/.rvm/gems/ruby-2.1.0/gems/actionpack-4.1.6/lib/action_dispatch/middleware/templates/rescues/template_error.html.erb within rescues/layout (24.3ms)


Started GET "/" for 127.0.0.1 at 2014-12-20 20:58:19 +0530
Processing by UserController#index as HTML
  Rendered user/index.html.erb within layouts/application (0.1ms)
Completed 500 Internal Server Error in 28ms

ActionView::Template::Error (couldn't find file 'twitter-bootstrap-rails'
  (in /home/hema/testapp/app/assets/stylesheets/application.css:15)):
    2: <html>
    3: <head>
    4:   <title>Testapp</title>
    5:   <%= stylesheet_link_tag    'application', media: 'all' %>
    6:   <%= javascript_include_tag 'application' %>
    7:   <%= csrf_meta_tags %>
    8: </head>
  app/views/layouts/application.html.erb:5:in `_app_views_layouts_application_html_erb___113882452__625673238'


  Rendered /home/hema/.rvm/gems/ruby-2.1.0/gems/actionpack-4.1.6/lib/action_dispatch/middleware/templates/rescues/_trace.html.erb (2.6ms)
  Rendered /home/hema/.rvm/gems/ruby-2.1.0/gems/actionpack-4.1.6/lib/action_dispatch/middleware/templates/rescues/_request_and_response.html.erb (1.9ms)
  Rendered /home/hema/.rvm/gems/ruby-2.1.0/gems/actionpack-4.1.6/lib/action_dispatch/middleware/templates/rescues/template_error.html.erb within rescues/layout (22.2ms)


Started GET "/" for 127.0.0.1 at 2014-12-20 20:58:20 +0530
Processing by UserController#index as HTML
  Rendered user/index.html.erb within layouts/application (0.1ms)
Completed 500 Internal Server Error in 24ms

ActionView::Template::Error (couldn't find file 'twitter-bootstrap-rails'
  (in /home/hema/testapp/app/assets/stylesheets/application.css:15)):
    2: <html>
    3: <head>
    4:   <title>Testapp</title>
    5:   <%= stylesheet_link_tag    'application', media: 'all' %>
    6:   <%= javascript_include_tag 'application' %>
    7:   <%= csrf_meta_tags %>
    8: </head>
  app/views/layouts/application.html.erb:5:in `_app_views_layouts_application_html_erb___113882452__625673238'


  Rendered /home/hema/.rvm/gems/ruby-2.1.0/gems/actionpack-4.1.6/lib/action_dispatch/middleware/templates/rescues/_trace.html.erb (3.2ms)
  Rendered /home/hema/.rvm/gems/ruby-2.1.0/gems/actionpack-4.1.6/lib/action_dispatch/middleware/templates/rescues/_request_and_response.html.erb (2.3ms)
  Rendered /home/hema/.rvm/gems/ruby-2.1.0/gems/actionpack-4.1.6/lib/action_dispatch/middleware/templates/rescues/template_error.html.erb within rescues/layout (34.9ms)


Started GET "/" for 127.0.0.1 at 2014-12-20 20:58:20 +0530
Processing by UserController#index as HTML
  Rendered user/index.html.erb within layouts/application (2.2ms)
Completed 500 Internal Server Error in 29ms

ActionView::Template::Error (couldn't find file 'twitter-bootstrap-rails'
  (in /home/hema/testapp/app/assets/stylesheets/application.css:15)):
    2: <html>
    3: <head>
    4:   <title>Testapp</title>
    5:   <%= stylesheet_link_tag    'application', media: 'all' %>
    6:   <%= javascript_include_tag 'application' %>
    7:   <%= csrf_meta_tags %>
    8: </head>
  app/views/layouts/application.html.erb:5:in `_app_views_layouts_application_html_erb___113882452__625673238'


  Rendered /home/hema/.rvm/gems/ruby-2.1.0/gems/actionpack-4.1.6/lib/action_dispatch/middleware/templates/rescues/_trace.html.erb (3.0ms)
  Rendered /home/hema/.rvm/gems/ruby-2.1.0/gems/actionpack-4.1.6/lib/action_dispatch/middleware/templates/rescues/_request_and_response.html.erb (2.2ms)
  Rendered /home/hema/.rvm/gems/ruby-2.1.0/gems/actionpack-4.1.6/lib/action_dispatch/middleware/templates/rescues/template_error.html.erb within rescues/layout (31.4ms)


Started GET "/" for 127.0.0.1 at 2014-12-20 20:58:20 +0530
Processing by UserController#index as HTML
  Rendered user/index.html.erb within layouts/application (0.1ms)
Completed 500 Internal Server Error in 26ms

ActionView::Template::Error (couldn't find file 'twitter-bootstrap-rails'
  (in /home/hema/testapp/app/assets/stylesheets/application.css:15)):
    2: <html>
    3: <head>
    4:   <title>Testapp</title>
    5:   <%= stylesheet_link_tag    'application', media: 'all' %>
    6:   <%= javascript_include_tag 'application' %>
    7:   <%= csrf_meta_tags %>
    8: </head>
  app/views/layouts/application.html.erb:5:in `_app_views_layouts_application_html_erb___113882452__625673238'


  Rendered /home/hema/.rvm/gems/ruby-2.1.0/gems/actionpack-4.1.6/lib/action_dispatch/middleware/templates/rescues/_trace.html.erb (3.4ms)
  Rendered /home/hema/.rvm/gems/ruby-2.1.0/gems/actionpack-4.1.6/lib/action_dispatch/middleware/templates/rescues/_request_and_response.html.erb (2.2ms)
  Rendered /home/hema/.rvm/gems/ruby-2.1.0/gems/actionpack-4.1.6/lib/action_dispatch/middleware/templates/rescues/template_error.html.erb within rescues/layout (24.4ms)


Started GET "/" for 127.0.0.1 at 2014-12-20 20:58:21 +0530
Processing by UserController#index as HTML
  Rendered user/index.html.erb within layouts/application (0.1ms)
Completed 500 Internal Server Error in 27ms

ActionView::Template::Error (couldn't find file 'twitter-bootstrap-rails'
  (in /home/hema/testapp/app/assets/stylesheets/application.css:15)):
    2: <html>
    3: <head>
    4:   <title>Testapp</title>
    5:   <%= stylesheet_link_tag    'application', media: 'all' %>
    6:   <%= javascript_include_tag 'application' %>
    7:   <%= csrf_meta_tags %>
    8: </head>
  app/views/layouts/application.html.erb:5:in `_app_views_layouts_application_html_erb___113882452__625673238'


  Rendered /home/hema/.rvm/gems/ruby-2.1.0/gems/actionpack-4.1.6/lib/action_dispatch/middleware/templates/rescues/_trace.html.erb (3.6ms)
  Rendered /home/hema/.rvm/gems/ruby-2.1.0/gems/actionpack-4.1.6/lib/action_dispatch/middleware/templates/rescues/_request_and_response.html.erb (2.1ms)
  Rendered /home/hema/.rvm/gems/ruby-2.1.0/gems/actionpack-4.1.6/lib/action_dispatch/middleware/templates/rescues/template_error.html.erb within rescues/layout (25.4ms)


Started GET "/" for 127.0.0.1 at 2014-12-20 20:58:21 +0530
Processing by UserController#index as HTML
  Rendered user/index.html.erb within layouts/application (0.1ms)
Completed 500 Internal Server Error in 28ms

ActionView::Template::Error (couldn't find file 'twitter-bootstrap-rails'
  (in /home/hema/testapp/app/assets/stylesheets/application.css:15)):
    2: <html>
    3: <head>
    4:   <title>Testapp</title>
    5:   <%= stylesheet_link_tag    'application', media: 'all' %>
    6:   <%= javascript_include_tag 'application' %>
    7:   <%= csrf_meta_tags %>
    8: </head>
  app/views/layouts/application.html.erb:5:in `_app_views_layouts_application_html_erb___113882452__625673238'


  Rendered /home/hema/.rvm/gems/ruby-2.1.0/gems/actionpack-4.1.6/lib/action_dispatch/middleware/templates/rescues/_trace.html.erb (2.8ms)
  Rendered /home/hema/.rvm/gems/ruby-2.1.0/gems/actionpack-4.1.6/lib/action_dispatch/middleware/templates/rescues/_request_and_response.html.erb (1.7ms)
  Rendered /home/hema/.rvm/gems/ruby-2.1.0/gems/actionpack-4.1.6/lib/action_dispatch/middleware/templates/rescues/template_error.html.erb within rescues/layout (22.5ms)


Started GET "/" for 127.0.0.1 at 2014-12-20 20:58:21 +0530
Processing by UserController#index as HTML
  Rendered user/index.html.erb within layouts/application (0.1ms)
Completed 500 Internal Server Error in 27ms

ActionView::Template::Error (couldn't find file 'twitter-bootstrap-rails'
  (in /home/hema/testapp/app/assets/stylesheets/application.css:15)):
    2: <html>
    3: <head>
    4:   <title>Testapp</title>
    5:   <%= stylesheet_link_tag    'application', media: 'all' %>
    6:   <%= javascript_include_tag 'application' %>
    7:   <%= csrf_meta_tags %>
    8: </head>
  app/views/layouts/application.html.erb:5:in `_app_views_layouts_application_html_erb___113882452__625673238'


  Rendered /home/hema/.rvm/gems/ruby-2.1.0/gems/actionpack-4.1.6/lib/action_dispatch/middleware/templates/rescues/_trace.html.erb (3.0ms)
  Rendered /home/hema/.rvm/gems/ruby-2.1.0/gems/actionpack-4.1.6/lib/action_dispatch/middleware/templates/rescues/_request_and_response.html.erb (2.1ms)
  Rendered /home/hema/.rvm/gems/ruby-2.1.0/gems/actionpack-4.1.6/lib/action_dispatch/middleware/templates/rescues/template_error.html.erb within rescues/layout (23.5ms)


Started GET "/" for 127.0.0.1 at 2014-12-20 20:58:31 +0530
Processing by UserController#index as HTML
  Rendered user/index.html.erb within layouts/application (0.1ms)
Completed 500 Internal Server Error in 28ms

ActionView::Template::Error (couldn't find file 'bootstrap'
  (in /home/hema/testapp/app/assets/stylesheets/application.css:15)):
    2: <html>
    3: <head>
    4:   <title>Testapp</title>
    5:   <%= stylesheet_link_tag    'application', media: 'all' %>
    6:   <%= javascript_include_tag 'application' %>
    7:   <%= csrf_meta_tags %>
    8: </head>
  app/views/layouts/application.html.erb:5:in `_app_views_layouts_application_html_erb___113882452__625673238'


  Rendered /home/hema/.rvm/gems/ruby-2.1.0/gems/actionpack-4.1.6/lib/action_dispatch/middleware/templates/rescues/_trace.html.erb (2.6ms)
  Rendered /home/hema/.rvm/gems/ruby-2.1.0/gems/actionpack-4.1.6/lib/action_dispatch/middleware/templates/rescues/_request_and_response.html.erb (2.2ms)
  Rendered /home/hema/.rvm/gems/ruby-2.1.0/gems/actionpack-4.1.6/lib/action_dispatch/middleware/templates/rescues/template_error.html.erb within rescues/layout (22.8ms)


Started GET "/" for 127.0.0.1 at 2014-12-20 20:58:32 +0530
Processing by UserController#index as HTML
  Rendered user/index.html.erb within layouts/application (0.1ms)
Completed 500 Internal Server Error in 28ms

ActionView::Template::Error (couldn't find file 'bootstrap'
  (in /home/hema/testapp/app/assets/stylesheets/application.css:15)):
    2: <html>
    3: <head>
    4:   <title>Testapp</title>
    5:   <%= stylesheet_link_tag    'application', media: 'all' %>
    6:   <%= javascript_include_tag 'application' %>
    7:   <%= csrf_meta_tags %>
    8: </head>
  app/views/layouts/application.html.erb:5:in `_app_views_layouts_application_html_erb___113882452__625673238'


  Rendered /home/hema/.rvm/gems/ruby-2.1.0/gems/actionpack-4.1.6/lib/action_dispatch/middleware/templates/rescues/_trace.html.erb (2.5ms)
  Rendered /home/hema/.rvm/gems/ruby-2.1.0/gems/actionpack-4.1.6/lib/action_dispatch/middleware/templates/rescues/_request_and_response.html.erb (1.6ms)
  Rendered /home/hema/.rvm/gems/ruby-2.1.0/gems/actionpack-4.1.6/lib/action_dispatch/middleware/templates/rescues/template_error.html.erb within rescues/layout (21.4ms)


Started GET "/" for 127.0.0.1 at 2014-12-20 20:58:32 +0530
Processing by UserController#index as HTML
  Rendered user/index.html.erb within layouts/application (0.1ms)
Completed 500 Internal Server Error in 26ms

ActionView::Template::Error (couldn't find file 'bootstrap'
  (in /home/hema/testapp/app/assets/stylesheets/application.css:15)):
    2: <html>
    3: <head>
    4:   <title>Testapp</title>
    5:   <%= stylesheet_link_tag    'application', media: 'all' %>
    6:   <%= javascript_include_tag 'application' %>
    7:   <%= csrf_meta_tags %>
    8: </head>
  app/views/layouts/application.html.erb:5:in `_app_views_layouts_application_html_erb___113882452__625673238'


  Rendered /home/hema/.rvm/gems/ruby-2.1.0/gems/actionpack-4.1.6/lib/action_dispatch/middleware/templates/rescues/_trace.html.erb (2.8ms)
  Rendered /home/hema/.rvm/gems/ruby-2.1.0/gems/actionpack-4.1.6/lib/action_dispatch/middleware/templates/rescues/_request_and_response.html.erb (2.1ms)
  Rendered /home/hema/.rvm/gems/ruby-2.1.0/gems/actionpack-4.1.6/lib/action_dispatch/middleware/templates/rescues/template_error.html.erb within rescues/layout (28.3ms)


Started GET "/" for 127.0.0.1 at 2014-12-20 20:58:33 +0530
Processing by UserController#index as HTML
  Rendered user/index.html.erb within layouts/application (0.1ms)
Completed 500 Internal Server Error in 29ms

ActionView::Template::Error (couldn't find file 'bootstrap'
  (in /home/hema/testapp/app/assets/stylesheets/application.css:15)):
    2: <html>
    3: <head>
    4:   <title>Testapp</title>
    5:   <%= stylesheet_link_tag    'application', media: 'all' %>
    6:   <%= javascript_include_tag 'application' %>
    7:   <%= csrf_meta_tags %>
    8: </head>
  app/views/layouts/application.html.erb:5:in `_app_views_layouts_application_html_erb___113882452__625673238'


  Rendered /home/hema/.rvm/gems/ruby-2.1.0/gems/actionpack-4.1.6/lib/action_dispatch/middleware/templates/rescues/_trace.html.erb (2.9ms)
  Rendered /home/hema/.rvm/gems/ruby-2.1.0/gems/actionpack-4.1.6/lib/action_dispatch/middleware/templates/rescues/_request_and_response.html.erb (1.9ms)
  Rendered /home/hema/.rvm/gems/ruby-2.1.0/gems/actionpack-4.1.6/lib/action_dispatch/middleware/templates/rescues/template_error.html.erb within rescues/layout (22.5ms)


Started GET "/" for 127.0.0.1 at 2014-12-20 20:58:33 +0530
Processing by UserController#index as HTML
  Rendered user/index.html.erb within layouts/application (0.1ms)
Completed 500 Internal Server Error in 26ms

ActionView::Template::Error (couldn't find file 'bootstrap'
  (in /home/hema/testapp/app/assets/stylesheets/application.css:15)):
    2: <html>
    3: <head>
    4:   <title>Testapp</title>
    5:   <%= stylesheet_link_tag    'application', media: 'all' %>
    6:   <%= javascript_include_tag 'application' %>
    7:   <%= csrf_meta_tags %>
    8: </head>
  app/views/layouts/application.html.erb:5:in `_app_views_layouts_application_html_erb___113882452__625673238'


  Rendered /home/hema/.rvm/gems/ruby-2.1.0/gems/actionpack-4.1.6/lib/action_dispatch/middleware/templates/rescues/_trace.html.erb (3.1ms)
  Rendered /home/hema/.rvm/gems/ruby-2.1.0/gems/actionpack-4.1.6/lib/action_dispatch/middleware/templates/rescues/_request_and_response.html.erb (1.7ms)
  Rendered /home/hema/.rvm/gems/ruby-2.1.0/gems/actionpack-4.1.6/lib/action_dispatch/middleware/templates/rescues/template_error.html.erb within rescues/layout (22.5ms)


Started GET "/" for 127.0.0.1 at 2014-12-20 20:58:33 +0530
Processing by UserController#index as HTML
  Rendered user/index.html.erb within layouts/application (0.1ms)
Completed 500 Internal Server Error in 30ms

ActionView::Template::Error (couldn't find file 'bootstrap'
  (in /home/hema/testapp/app/assets/stylesheets/application.css:15)):
    2: <html>
    3: <head>
    4:   <title>Testapp</title>
    5:   <%= stylesheet_link_tag    'application', media: 'all' %>
    6:   <%= javascript_include_tag 'application' %>
    7:   <%= csrf_meta_tags %>
    8: </head>
  app/views/layouts/application.html.erb:5:in `_app_views_layouts_application_html_erb___113882452__625673238'


  Rendered /home/hema/.rvm/gems/ruby-2.1.0/gems/actionpack-4.1.6/lib/action_dispatch/middleware/templates/rescues/_trace.html.erb (3.2ms)
  Rendered /home/hema/.rvm/gems/ruby-2.1.0/gems/actionpack-4.1.6/lib/action_dispatch/middleware/templates/rescues/_request_and_response.html.erb (2.0ms)
  Rendered /home/hema/.rvm/gems/ruby-2.1.0/gems/actionpack-4.1.6/lib/action_dispatch/middleware/templates/rescues/template_error.html.erb within rescues/layout (23.3ms)


Started GET "/" for 127.0.0.1 at 2014-12-20 20:58:33 +0530
Processing by UserController#index as HTML
  Rendered user/index.html.erb within layouts/application (0.1ms)
Completed 500 Internal Server Error in 26ms

ActionView::Template::Error (couldn't find file 'bootstrap'
  (in /home/hema/testapp/app/assets/stylesheets/application.css:15)):
    2: <html>
    3: <head>
    4:   <title>Testapp</title>
    5:   <%= stylesheet_link_tag    'application', media: 'all' %>
    6:   <%= javascript_include_tag 'application' %>
    7:   <%= csrf_meta_tags %>
    8: </head>
  app/views/layouts/application.html.erb:5:in `_app_views_layouts_application_html_erb___113882452__625673238'


  Rendered /home/hema/.rvm/gems/ruby-2.1.0/gems/actionpack-4.1.6/lib/action_dispatch/middleware/templates/rescues/_trace.html.erb (2.8ms)
  Rendered /home/hema/.rvm/gems/ruby-2.1.0/gems/actionpack-4.1.6/lib/action_dispatch/middleware/templates/rescues/_request_and_response.html.erb (1.8ms)
  Rendered /home/hema/.rvm/gems/ruby-2.1.0/gems/actionpack-4.1.6/lib/action_dispatch/middleware/templates/rescues/template_error.html.erb within rescues/layout (22.9ms)


Started GET "/" for 127.0.0.1 at 2014-12-20 20:58:34 +0530
Processing by UserController#index as HTML
  Rendered user/index.html.erb within layouts/application (0.1ms)
Completed 500 Internal Server Error in 27ms

ActionView::Template::Error (couldn't find file 'bootstrap'
  (in /home/hema/testapp/app/assets/stylesheets/application.css:15)):
    2: <html>
    3: <head>
    4:   <title>Testapp</title>
    5:   <%= stylesheet_link_tag    'application', media: 'all' %>
    6:   <%= javascript_include_tag 'application' %>
    7:   <%= csrf_meta_tags %>
    8: </head>
  app/views/layouts/application.html.erb:5:in `_app_views_layouts_application_html_erb___113882452__625673238'


  Rendered /home/hema/.rvm/gems/ruby-2.1.0/gems/actionpack-4.1.6/lib/action_dispatch/middleware/templates/rescues/_trace.html.erb (2.8ms)
  Rendered /home/hema/.rvm/gems/ruby-2.1.0/gems/actionpack-4.1.6/lib/action_dispatch/middleware/templates/rescues/_request_and_response.html.erb (2.4ms)
  Rendered /home/hema/.rvm/gems/ruby-2.1.0/gems/actionpack-4.1.6/lib/action_dispatch/middleware/templates/rescues/template_error.html.erb within rescues/layout (22.7ms)


Started GET "/" for 127.0.0.1 at 2014-12-20 20:58:34 +0530
Processing by UserController#index as HTML
  Rendered user/index.html.erb within layouts/application (0.1ms)
Completed 500 Internal Server Error in 29ms

ActionView::Template::Error (couldn't find file 'bootstrap'
  (in /home/hema/testapp/app/assets/stylesheets/application.css:15)):
    2: <html>
    3: <head>
    4:   <title>Testapp</title>
    5:   <%= stylesheet_link_tag    'application', media: 'all' %>
    6:   <%= javascript_include_tag 'application' %>
    7:   <%= csrf_meta_tags %>
    8: </head>
  app/views/layouts/application.html.erb:5:in `_app_views_layouts_application_html_erb___113882452__625673238'


  Rendered /home/hema/.rvm/gems/ruby-2.1.0/gems/actionpack-4.1.6/lib/action_dispatch/middleware/templates/rescues/_trace.html.erb (2.9ms)
  Rendered /home/hema/.rvm/gems/ruby-2.1.0/gems/actionpack-4.1.6/lib/action_dispatch/middleware/templates/rescues/_request_and_response.html.erb (1.8ms)
  Rendered /home/hema/.rvm/gems/ruby-2.1.0/gems/actionpack-4.1.6/lib/action_dispatch/middleware/templates/rescues/template_error.html.erb within rescues/layout (22.1ms)


Started GET "/" for 127.0.0.1 at 2014-12-20 21:01:48 +0530
Processing by UserController#index as HTML
  Rendered user/index.html.erb within layouts/application (0.1ms)
Completed 500 Internal Server Error in 40ms

ActionView::Template::Error (couldn't find file 'bootstrap'
  (in /home/hema/testapp/app/assets/stylesheets/application.css:15)):
    2: <html>
    3: <head>
    4:   <title>Testapp</title>
    5:   <%= stylesheet_link_tag    'application', media: 'all' %>
    6:   <%= javascript_include_tag 'application' %>
    7:   <%= csrf_meta_tags %>
    8: </head>
  app/views/layouts/application.html.erb:5:in `_app_views_layouts_application_html_erb___113882452__625673238'


  Rendered /home/hema/.rvm/gems/ruby-2.1.0/gems/actionpack-4.1.6/lib/action_dispatch/middleware/templates/rescues/_trace.html.erb (2.6ms)
  Rendered /home/hema/.rvm/gems/ruby-2.1.0/gems/actionpack-4.1.6/lib/action_dispatch/middleware/templates/rescues/_request_and_response.html.erb (1.8ms)
  Rendered /home/hema/.rvm/gems/ruby-2.1.0/gems/actionpack-4.1.6/lib/action_dispatch/middleware/templates/rescues/template_error.html.erb within rescues/layout (21.7ms)


Started GET "/" for 127.0.0.1 at 2014-12-20 21:01:48 +0530
Processing by UserController#index as HTML
  Rendered user/index.html.erb within layouts/application (0.2ms)
Completed 500 Internal Server Error in 26ms

ActionView::Template::Error (couldn't find file 'bootstrap'
  (in /home/hema/testapp/app/assets/stylesheets/application.css:15)):
    2: <html>
    3: <head>
    4:   <title>Testapp</title>
    5:   <%= stylesheet_link_tag    'application', media: 'all' %>
    6:   <%= javascript_include_tag 'application' %>
    7:   <%= csrf_meta_tags %>
    8: </head>
  app/views/layouts/application.html.erb:5:in `_app_views_layouts_application_html_erb___113882452__625673238'


  Rendered /home/hema/.rvm/gems/ruby-2.1.0/gems/actionpack-4.1.6/lib/action_dispatch/middleware/templates/rescues/_trace.html.erb (3.0ms)
  Rendered /home/hema/.rvm/gems/ruby-2.1.0/gems/actionpack-4.1.6/lib/action_dispatch/middleware/templates/rescues/_request_and_response.html.erb (1.8ms)
  Rendered /home/hema/.rvm/gems/ruby-2.1.0/gems/actionpack-4.1.6/lib/action_dispatch/middleware/templates/rescues/template_error.html.erb within rescues/layout (23.0ms)


Started GET "/" for 127.0.0.1 at 2014-12-20 21:01:49 +0530
Processing by UserController#index as HTML
  Rendered user/index.html.erb within layouts/application (0.1ms)
Completed 500 Internal Server Error in 28ms

ActionView::Template::Error (couldn't find file 'bootstrap'
  (in /home/hema/testapp/app/assets/stylesheets/application.css:15)):
    2: <html>
    3: <head>
    4:   <title>Testapp</title>
    5:   <%= stylesheet_link_tag    'application', media: 'all' %>
    6:   <%= javascript_include_tag 'application' %>
    7:   <%= csrf_meta_tags %>
    8: </head>
  app/views/layouts/application.html.erb:5:in `_app_views_layouts_application_html_erb___113882452__625673238'


  Rendered /home/hema/.rvm/gems/ruby-2.1.0/gems/actionpack-4.1.6/lib/action_dispatch/middleware/templates/rescues/_trace.html.erb (2.8ms)
  Rendered /home/hema/.rvm/gems/ruby-2.1.0/gems/actionpack-4.1.6/lib/action_dispatch/middleware/templates/rescues/_request_and_response.html.erb (1.7ms)
  Rendered /home/hema/.rvm/gems/ruby-2.1.0/gems/actionpack-4.1.6/lib/action_dispatch/middleware/templates/rescues/template_error.html.erb within rescues/layout (22.0ms)


Started GET "/" for 127.0.0.1 at 2014-12-20 21:01:49 +0530
Processing by UserController#index as HTML
  Rendered user/index.html.erb within layouts/application (0.1ms)
Completed 500 Internal Server Error in 28ms

ActionView::Template::Error (couldn't find file 'bootstrap'
  (in /home/hema/testapp/app/assets/stylesheets/application.css:15)):
    2: <html>
    3: <head>
    4:   <title>Testapp</title>
    5:   <%= stylesheet_link_tag    'application', media: 'all' %>
    6:   <%= javascript_include_tag 'application' %>
    7:   <%= csrf_meta_tags %>
    8: </head>
  app/views/layouts/application.html.erb:5:in `_app_views_layouts_application_html_erb___113882452__625673238'


  Rendered /home/hema/.rvm/gems/ruby-2.1.0/gems/actionpack-4.1.6/lib/action_dispatch/middleware/templates/rescues/_trace.html.erb (3.0ms)
  Rendered /home/hema/.rvm/gems/ruby-2.1.0/gems/actionpack-4.1.6/lib/action_dispatch/middleware/templates/rescues/_request_and_response.html.erb (2.2ms)
  Rendered /home/hema/.rvm/gems/ruby-2.1.0/gems/actionpack-4.1.6/lib/action_dispatch/middleware/templates/rescues/template_error.html.erb within rescues/layout (23.1ms)


Started GET "/" for 127.0.0.1 at 2014-12-20 21:01:50 +0530
Processing by UserController#index as HTML
  Rendered user/index.html.erb within layouts/application (0.1ms)
Completed 500 Internal Server Error in 25ms

ActionView::Template::Error (couldn't find file 'bootstrap'
  (in /home/hema/testapp/app/assets/stylesheets/application.css:15)):
    2: <html>
    3: <head>
    4:   <title>Testapp</title>
    5:   <%= stylesheet_link_tag    'application', media: 'all' %>
    6:   <%= javascript_include_tag 'application' %>
    7:   <%= csrf_meta_tags %>
    8: </head>
  app/views/layouts/application.html.erb:5:in `_app_views_layouts_application_html_erb___113882452__625673238'


  Rendered /home/hema/.rvm/gems/ruby-2.1.0/gems/actionpack-4.1.6/lib/action_dispatch/middleware/templates/rescues/_trace.html.erb (3.3ms)
  Rendered /home/hema/.rvm/gems/ruby-2.1.0/gems/actionpack-4.1.6/lib/action_dispatch/middleware/templates/rescues/_request_and_response.html.erb (2.1ms)
  Rendered /home/hema/.rvm/gems/ruby-2.1.0/gems/actionpack-4.1.6/lib/action_dispatch/middleware/templates/rescues/template_error.html.erb within rescues/layout (24.0ms)


Started GET "/" for 127.0.0.1 at 2014-12-20 21:01:50 +0530
Processing by UserController#index as HTML
  Rendered user/index.html.erb within layouts/application (0.1ms)
Completed 500 Internal Server Error in 27ms

ActionView::Template::Error (couldn't find file 'bootstrap'
  (in /home/hema/testapp/app/assets/stylesheets/application.css:15)):
    2: <html>
    3: <head>
    4:   <title>Testapp</title>
    5:   <%= stylesheet_link_tag    'application', media: 'all' %>
    6:   <%= javascript_include_tag 'application' %>
    7:   <%= csrf_meta_tags %>
    8: </head>
  app/views/layouts/application.html.erb:5:in `_app_views_layouts_application_html_erb___113882452__625673238'


  Rendered /home/hema/.rvm/gems/ruby-2.1.0/gems/actionpack-4.1.6/lib/action_dispatch/middleware/templates/rescues/_trace.html.erb (3.1ms)
  Rendered /home/hema/.rvm/gems/ruby-2.1.0/gems/actionpack-4.1.6/lib/action_dispatch/middleware/templates/rescues/_request_and_response.html.erb (1.9ms)
  Rendered /home/hema/.rvm/gems/ruby-2.1.0/gems/actionpack-4.1.6/lib/action_dispatch/middleware/templates/rescues/template_error.html.erb within rescues/layout (32.1ms)


Started GET "/" for 127.0.0.1 at 2014-12-20 21:01:50 +0530
Processing by UserController#index as HTML
  Rendered user/index.html.erb within layouts/application (0.1ms)
Completed 500 Internal Server Error in 25ms

ActionView::Template::Error (couldn't find file 'bootstrap'
  (in /home/hema/testapp/app/assets/stylesheets/application.css:15)):
    2: <html>
    3: <head>
    4:   <title>Testapp</title>
    5:   <%= stylesheet_link_tag    'application', media: 'all' %>
    6:   <%= javascript_include_tag 'application' %>
    7:   <%= csrf_meta_tags %>
    8: </head>
  app/views/layouts/application.html.erb:5:in `_app_views_layouts_application_html_erb___113882452__625673238'


  Rendered /home/hema/.rvm/gems/ruby-2.1.0/gems/actionpack-4.1.6/lib/action_dispatch/middleware/templates/rescues/_trace.html.erb (2.7ms)
  Rendered /home/hema/.rvm/gems/ruby-2.1.0/gems/actionpack-4.1.6/lib/action_dispatch/middleware/templates/rescues/_request_and_response.html.erb (1.9ms)
  Rendered /home/hema/.rvm/gems/ruby-2.1.0/gems/actionpack-4.1.6/lib/action_dispatch/middleware/templates/rescues/template_error.html.erb within rescues/layout (22.1ms)


Started GET "/" for 127.0.0.1 at 2014-12-20 21:05:31 +0530
Processing by UserController#index as HTML
  Rendered user/index.html.erb within layouts/application (0.1ms)
Completed 200 OK in 124ms (Views: 123.1ms | ActiveRecord: 0.0ms)


Started GET "/assets/user.css?body=1" for 127.0.0.1 at 2014-12-20 21:05:31 +0530


Started GET "/assets/jquery.js?body=1" for 127.0.0.1 at 2014-12-20 21:05:31 +0530


Started GET "/assets/application.css?body=1" for 127.0.0.1 at 2014-12-20 21:05:31 +0530


Started GET "/assets/jquery_ujs.js?body=1" for 127.0.0.1 at 2014-12-20 21:05:31 +0530


Started GET "/assets/user.js?body=1" for 127.0.0.1 at 2014-12-20 21:05:31 +0530


Started GET "/assets/turbolinks.js?body=1" for 127.0.0.1 at 2014-12-20 21:05:31 +0530


Started GET "/assets/application.js?body=1" for 127.0.0.1 at 2014-12-20 21:05:31 +0530


Started GET "/" for 127.0.0.1 at 2014-12-20 21:05:32 +0530
Processing by UserController#index as HTML
  Rendered user/index.html.erb within layouts/application (0.2ms)
Completed 200 OK in 110ms (Views: 108.6ms | ActiveRecord: 0.0ms)


Started GET "/assets/application.css?body=1" for 127.0.0.1 at 2014-12-20 21:05:32 +0530


Started GET "/assets/user.js?body=1" for 127.0.0.1 at 2014-12-20 21:05:32 +0530


Started GET "/assets/turbolinks.js?body=1" for 127.0.0.1 at 2014-12-20 21:05:32 +0530


Started GET "/assets/user.css?body=1" for 127.0.0.1 at 2014-12-20 21:05:32 +0530


Started GET "/assets/jquery.js?body=1" for 127.0.0.1 at 2014-12-20 21:05:32 +0530


Started GET "/assets/jquery_ujs.js?body=1" for 127.0.0.1 at 2014-12-20 21:05:32 +0530


Started GET "/assets/application.js?body=1" for 127.0.0.1 at 2014-12-20 21:05:32 +0530


Started GET "/" for 127.0.0.1 at 2014-12-20 21:05:34 +0530
Processing by UserController#index as HTML
  Rendered user/index.html.erb within layouts/application (0.1ms)
Completed 200 OK in 107ms (Views: 106.5ms | ActiveRecord: 0.0ms)


Started GET "/assets/user.css?body=1" for 127.0.0.1 at 2014-12-20 21:05:34 +0530


Started GET "/assets/jquery.js?body=1" for 127.0.0.1 at 2014-12-20 21:05:34 +0530


Started GET "/assets/turbolinks.js?body=1" for 127.0.0.1 at 2014-12-20 21:05:34 +0530


Started GET "/assets/user.js?body=1" for 127.0.0.1 at 2014-12-20 21:05:34 +0530


Started GET "/assets/application.css?body=1" for 127.0.0.1 at 2014-12-20 21:05:34 +0530


Started GET "/assets/jquery_ujs.js?body=1" for 127.0.0.1 at 2014-12-20 21:05:34 +0530


Started GET "/assets/application.js?body=1" for 127.0.0.1 at 2014-12-20 21:05:34 +0530
